I210213 07:02:26.830163 41 util/log/sync_buffer.go:70  [config] file created at: 2021/02/13 07:02:26
I210213 07:02:26.830163 41 util/log/sync_buffer.go:70  [config] running on machine: ashes-iMac
I210213 07:02:26.830163 41 util/log/sync_buffer.go:70  [config] binary: CockroachDB CCL v20.1.4 (x86_64-apple-darwin14, built 2020/07/29 22:51:52, go1.13.9)
I210213 07:02:26.830163 41 util/log/sync_buffer.go:70  [config] arguments: [cockroach start-single-node --insecure --host 127.0.0.1]
I210213 07:02:26.830163 41 util/log/sync_buffer.go:70  line format: [IWEF]yymmdd hh:mm:ss.uuuuuu goid file:line msg utf8=✓
I210213 07:02:26.830163 41 storage/rocksdb.go:102  RocksDB version: 6.2.1
I210213 07:02:26.831127 41 storage/rocksdb.go:102  Git sha rocksdb_build_git_sha:@2512e96f3bf87b3c1b5b0183ed2ec421dc35d0d7@
I210213 07:02:26.831132 41 storage/rocksdb.go:102  Compile date Jul 29 2020
I210213 07:02:26.831140 41 storage/rocksdb.go:102  DB SUMMARY
I210213 07:02:26.831223 41 storage/rocksdb.go:102  SST files in /Users/ashe/go/src/social/cockroach-data/cockroach-temp272392945 dir, Total Num: 0, files: 
I210213 07:02:26.831228 41 storage/rocksdb.go:102  Write Ahead Log file in /Users/ashe/go/src/social/cockroach-data/cockroach-temp272392945: 
I210213 07:02:26.831235 41 storage/rocksdb.go:102                          Options.error_if_exists: 0
I210213 07:02:26.831239 41 storage/rocksdb.go:102                        Options.create_if_missing: 1
I210213 07:02:26.831242 41 storage/rocksdb.go:102                          Options.paranoid_checks: 1
I210213 07:02:26.831246 41 storage/rocksdb.go:102                                      Options.env: 0xa8f7848
I210213 07:02:26.831249 41 storage/rocksdb.go:102                                 Options.info_log: 0x1103d0a0
I210213 07:02:26.831253 41 storage/rocksdb.go:102                 Options.max_file_opening_threads: 16
I210213 07:02:26.831256 41 storage/rocksdb.go:102                               Options.statistics: 0x1100d158
I210213 07:02:26.831259 41 storage/rocksdb.go:102                                Options.use_fsync: 0
I210213 07:02:26.831263 41 storage/rocksdb.go:102                        Options.max_log_file_size: 0
I210213 07:02:26.831266 41 storage/rocksdb.go:102                   Options.max_manifest_file_size: 134217728
I210213 07:02:26.831269 41 storage/rocksdb.go:102                    Options.log_file_time_to_roll: 0
I210213 07:02:26.831273 41 storage/rocksdb.go:102                        Options.keep_log_file_num: 1000
I210213 07:02:26.831277 41 storage/rocksdb.go:102                     Options.recycle_log_file_num: 1
I210213 07:02:26.831280 41 storage/rocksdb.go:102                          Options.allow_fallocate: 1
I210213 07:02:26.831283 41 storage/rocksdb.go:102                         Options.allow_mmap_reads: 0
I210213 07:02:26.831287 41 storage/rocksdb.go:102                        Options.allow_mmap_writes: 0
I210213 07:02:26.831290 41 storage/rocksdb.go:102                         Options.use_direct_reads: 0
I210213 07:02:26.831293 41 storage/rocksdb.go:102                         Options.use_direct_io_for_flush_and_compaction: 0
I210213 07:02:26.831296 41 storage/rocksdb.go:102           Options.create_missing_column_families: 0
I210213 07:02:26.831300 41 storage/rocksdb.go:102                               Options.db_log_dir: 
I210213 07:02:26.831303 41 storage/rocksdb.go:102                                  Options.wal_dir: /Users/ashe/go/src/social/cockroach-data/cockroach-temp272392945
I210213 07:02:26.831306 41 storage/rocksdb.go:102                 Options.table_cache_numshardbits: 6
I210213 07:02:26.831310 41 storage/rocksdb.go:102                       Options.max_subcompactions: 1
I210213 07:02:26.831313 41 storage/rocksdb.go:102                   Options.max_background_flushes: -1
I210213 07:02:26.831316 41 storage/rocksdb.go:102                          Options.WAL_ttl_seconds: 0
I210213 07:02:26.831320 41 storage/rocksdb.go:102                        Options.WAL_size_limit_MB: 0
I210213 07:02:26.831323 41 storage/rocksdb.go:102              Options.manifest_preallocation_size: 4194304
I210213 07:02:26.831326 41 storage/rocksdb.go:102                      Options.is_fd_close_on_exec: 1
I210213 07:02:26.831329 41 storage/rocksdb.go:102                    Options.advise_random_on_open: 1
I210213 07:02:26.831333 41 storage/rocksdb.go:102                     Options.db_write_buffer_size: 0
I210213 07:02:26.831336 41 storage/rocksdb.go:102                     Options.write_buffer_manager: 0x1101c060
I210213 07:02:26.831341 41 storage/rocksdb.go:102          Options.access_hint_on_compaction_start: 1
I210213 07:02:26.831345 41 storage/rocksdb.go:102   Options.new_table_reader_for_compaction_inputs: 0
I210213 07:02:26.831367 41 storage/rocksdb.go:102            Options.random_access_max_buffer_size: 1048576
I210213 07:02:26.831371 41 storage/rocksdb.go:102                       Options.use_adaptive_mutex: 0
I210213 07:02:26.831374 41 storage/rocksdb.go:102                             Options.rate_limiter: 0x0
I210213 07:02:26.831378 41 storage/rocksdb.go:102      Options.sst_file_manager.rate_bytes_per_sec: 0
I210213 07:02:26.831394 41 storage/rocksdb.go:102                        Options.wal_recovery_mode: 0
I210213 07:02:26.831397 41 storage/rocksdb.go:102                   Options.enable_thread_tracking: 0
I210213 07:02:26.831400 41 storage/rocksdb.go:102                   Options.enable_pipelined_write: 0
I210213 07:02:26.831403 41 storage/rocksdb.go:102          Options.allow_concurrent_memtable_write: 1
I210213 07:02:26.831406 41 storage/rocksdb.go:102       Options.enable_write_thread_adaptive_yield: 1
I210213 07:02:26.831410 41 storage/rocksdb.go:102              Options.write_thread_max_yield_usec: 100
I210213 07:02:26.831413 41 storage/rocksdb.go:102             Options.write_thread_slow_yield_usec: 3
I210213 07:02:26.831416 41 storage/rocksdb.go:102                                Options.row_cache: None
I210213 07:02:26.831419 41 storage/rocksdb.go:102                               Options.wal_filter: None
I210213 07:02:26.831423 41 storage/rocksdb.go:102              Options.avoid_flush_during_recovery: 0
I210213 07:02:26.831426 41 storage/rocksdb.go:102              Options.allow_ingest_behind: 0
I210213 07:02:26.831429 41 storage/rocksdb.go:102              Options.preserve_deletes: 0
I210213 07:02:26.831433 41 storage/rocksdb.go:102              Options.two_write_queues: 0
I210213 07:02:26.831436 41 storage/rocksdb.go:102              Options.manual_wal_flush: 1
I210213 07:02:26.831439 41 storage/rocksdb.go:102              Options.atomic_flush: 0
I210213 07:02:26.831442 41 storage/rocksdb.go:102              Options.avoid_unnecessary_blocking_io: 0
I210213 07:02:26.831445 41 storage/rocksdb.go:102              Options.max_background_jobs: 4
I210213 07:02:26.831448 41 storage/rocksdb.go:102              Options.max_background_compactions: -1
I210213 07:02:26.831452 41 storage/rocksdb.go:102              Options.avoid_flush_during_shutdown: 0
I210213 07:02:26.831455 41 storage/rocksdb.go:102            Options.writable_file_max_buffer_size: 1048576
I210213 07:02:26.831459 41 storage/rocksdb.go:102              Options.delayed_write_rate : 16777216
I210213 07:02:26.831462 41 storage/rocksdb.go:102              Options.max_total_wal_size: 0
I210213 07:02:26.831465 41 storage/rocksdb.go:102              Options.delete_obsolete_files_period_micros: 21600000000
I210213 07:02:26.831468 41 storage/rocksdb.go:102                    Options.stats_dump_period_sec: 0
I210213 07:02:26.831472 41 storage/rocksdb.go:102                  Options.stats_persist_period_sec: 600
I210213 07:02:26.831475 41 storage/rocksdb.go:102                  Options.stats_history_buffer_size: 1048576
I210213 07:02:26.831478 41 storage/rocksdb.go:102                           Options.max_open_files: 128
I210213 07:02:26.831481 41 storage/rocksdb.go:102                           Options.bytes_per_sync: 524288
I210213 07:02:26.831485 41 storage/rocksdb.go:102                       Options.wal_bytes_per_sync: 0
I210213 07:02:26.831488 41 storage/rocksdb.go:102                    Options.strict_bytes_per_sync: 1
I210213 07:02:26.831491 41 storage/rocksdb.go:102        Options.compaction_readahead_size: 0
I210213 07:02:26.831498 41 storage/rocksdb.go:102  Compression algorithms supported:
I210213 07:02:26.831502 41 storage/rocksdb.go:102  	kZSTD supported: 0
I210213 07:02:26.831507 41 storage/rocksdb.go:102  	kZlibCompression supported: 0
I210213 07:02:26.831510 41 storage/rocksdb.go:102  	kXpressCompression supported: 0
I210213 07:02:26.831513 41 storage/rocksdb.go:102  	kSnappyCompression supported: 1
I210213 07:02:26.831517 41 storage/rocksdb.go:102  	kZSTDNotFinalCompression supported: 0
I210213 07:02:26.831520 41 storage/rocksdb.go:102  	kLZ4HCCompression supported: 0
I210213 07:02:26.831527 41 storage/rocksdb.go:102  	kLZ4Compression supported: 0
I210213 07:02:26.831531 41 storage/rocksdb.go:102  	kBZip2Compression supported: 0
I210213 07:02:26.831538 41 storage/rocksdb.go:102  Fast CRC32 supported: Supported on x86
I210213 07:02:26.831656 41 storage/rocksdb.go:102  [db/db_impl_open.cc:242] Creating manifest 1 
I210213 07:02:26.832960 41 storage/rocksdb.go:102  [db/version_set.cc:4072] Recovering from manifest file: /Users/ashe/go/src/social/cockroach-data/cockroach-temp272392945/MANIFEST-000001
I210213 07:02:26.833037 41 storage/rocksdb.go:102  [db/column_family.cc:488] --------------- Options for column family [default]:
I210213 07:02:26.833043 41 storage/rocksdb.go:102                Options.comparator: cockroach_comparator
I210213 07:02:26.833050 41 storage/rocksdb.go:102            Options.merge_operator: cockroach_merge_operator
I210213 07:02:26.833053 41 storage/rocksdb.go:102         Options.compaction_filter: None
I210213 07:02:26.833057 41 storage/rocksdb.go:102         Options.compaction_filter_factory: None
I210213 07:02:26.833062 41 storage/rocksdb.go:102          Options.memtable_factory: SkipListFactory
I210213 07:02:26.833065 41 storage/rocksdb.go:102             Options.table_factory: BlockBasedTable
I210213 07:02:26.833107 41 storage/rocksdb.go:102             table_factory options:   flush_block_policy_factory: FlushBlockBySizePolicyFactory (0x1103e030)
  cache_index_and_filter_blocks: 0
  cache_index_and_filter_blocks_with_high_priority: 0
  pin_l0_filter_and_index_blocks_in_cache: 0
  pin_top_level_index_and_filter: 1
  index_type: 0
  data_block_index_type: 0
  index_shortening: 1
  data_block_hash_table_util_ratio: 0.750000
  hash_index_allow_collision: 1
  checksum: 1
  no_block_cache: 0
  block_cache: 0x1100d018
  block_cache_name: LRUCache
  block_cache_options:
    capacity : 1048576
    num_shard_bits : 4
    strict_capacity_limit : 0
    memory_allocator : None
    high_pri_pool_ratio: 0.000
  block_cache_compressed: 0x0
  persistent_cache: 0x0
  block_size: 32768
  block_size_deviation: 10
  block_restart_interval: 16
  index_block_restart_interval: 1
  metadata_block_size: 4096
  partition_filters: 0
  use_delta_encoding: 1
  filter_policy: rocksdb.BuiltinBloomFilter
  whole_key_filtering: 0
  verify_compression: 0
  read_amp_bytes_per_bit: 0
  format_version: 2
  enable_index_compression: 1
  block_align: 0
I210213 07:02:26.833113 41 storage/rocksdb.go:102         Options.write_buffer_size: 67108864
I210213 07:02:26.833118 41 storage/rocksdb.go:102   Options.max_write_buffer_number: 4
I210213 07:02:26.833125 41 storage/rocksdb.go:102           Options.compression: Snappy
I210213 07:02:26.833128 41 storage/rocksdb.go:102                   Options.bottommost_compression: Disabled
I210213 07:02:26.833132 41 storage/rocksdb.go:102        Options.prefix_extractor: cockroach_prefix_extractor
I210213 07:02:26.833135 41 storage/rocksdb.go:102    Options.memtable_insert_with_hint_prefix_extractor: nullptr
I210213 07:02:26.833138 41 storage/rocksdb.go:102              Options.num_levels: 7
I210213 07:02:26.833142 41 storage/rocksdb.go:102         Options.min_write_buffer_number_to_merge: 1
I210213 07:02:26.833145 41 storage/rocksdb.go:102      Options.max_write_buffer_number_to_maintain: 0
I210213 07:02:26.833149 41 storage/rocksdb.go:102             Options.bottommost_compression_opts.window_bits: -14
I210213 07:02:26.833152 41 storage/rocksdb.go:102                   Options.bottommost_compression_opts.level: 32767
I210213 07:02:26.833155 41 storage/rocksdb.go:102                Options.bottommost_compression_opts.strategy: 0
I210213 07:02:26.833159 41 storage/rocksdb.go:102          Options.bottommost_compression_opts.max_dict_bytes: 0
I210213 07:02:26.833163 41 storage/rocksdb.go:102          Options.bottommost_compression_opts.zstd_max_train_bytes: 0
I210213 07:02:26.833166 41 storage/rocksdb.go:102                   Options.bottommost_compression_opts.enabled: false
I210213 07:02:26.833170 41 storage/rocksdb.go:102             Options.compression_opts.window_bits: -14
I210213 07:02:26.833177 41 storage/rocksdb.go:102                   Options.compression_opts.level: 32767
I210213 07:02:26.833181 41 storage/rocksdb.go:102                Options.compression_opts.strategy: 0
I210213 07:02:26.833184 41 storage/rocksdb.go:102          Options.compression_opts.max_dict_bytes: 0
I210213 07:02:26.833187 41 storage/rocksdb.go:102          Options.compression_opts.zstd_max_train_bytes: 0
I210213 07:02:26.833190 41 storage/rocksdb.go:102                   Options.compression_opts.enabled: false
I210213 07:02:26.833196 41 storage/rocksdb.go:102       Options.level0_file_num_compaction_trigger: 2
I210213 07:02:26.833200 41 storage/rocksdb.go:102           Options.level0_slowdown_writes_trigger: 950
I210213 07:02:26.833203 41 storage/rocksdb.go:102               Options.level0_stop_writes_trigger: 1000
I210213 07:02:26.833207 41 storage/rocksdb.go:102                    Options.target_file_size_base: 4194304
I210213 07:02:26.833210 41 storage/rocksdb.go:102              Options.target_file_size_multiplier: 2
I210213 07:02:26.833213 41 storage/rocksdb.go:102                 Options.max_bytes_for_level_base: 67108864
I210213 07:02:26.833216 41 storage/rocksdb.go:102  Options.level_compaction_dynamic_level_bytes: 1
I210213 07:02:26.833220 41 storage/rocksdb.go:102           Options.max_bytes_for_level_multiplier: 10.000000
I210213 07:02:26.833224 41 storage/rocksdb.go:102  Options.max_bytes_for_level_multiplier_addtl[0]: 1
I210213 07:02:26.833227 41 storage/rocksdb.go:102  Options.max_bytes_for_level_multiplier_addtl[1]: 1
I210213 07:02:26.833230 41 storage/rocksdb.go:102  Options.max_bytes_for_level_multiplier_addtl[2]: 1
I210213 07:02:26.833234 41 storage/rocksdb.go:102  Options.max_bytes_for_level_multiplier_addtl[3]: 1
I210213 07:02:26.833237 41 storage/rocksdb.go:102  Options.max_bytes_for_level_multiplier_addtl[4]: 1
I210213 07:02:26.833240 41 storage/rocksdb.go:102  Options.max_bytes_for_level_multiplier_addtl[5]: 1
I210213 07:02:26.833243 41 storage/rocksdb.go:102  Options.max_bytes_for_level_multiplier_addtl[6]: 1
I210213 07:02:26.833247 41 storage/rocksdb.go:102        Options.max_sequential_skip_in_iterations: 8
I210213 07:02:26.833250 41 storage/rocksdb.go:102                     Options.max_compaction_bytes: 104857600
I210213 07:02:26.833253 41 storage/rocksdb.go:102                         Options.arena_block_size: 8388608
I210213 07:02:26.833257 41 storage/rocksdb.go:102    Options.soft_pending_compaction_bytes_limit: 2199023255552
I210213 07:02:26.833260 41 storage/rocksdb.go:102    Options.hard_pending_compaction_bytes_limit: 4400193994752
I210213 07:02:26.833263 41 storage/rocksdb.go:102        Options.rate_limit_delay_max_milliseconds: 100
I210213 07:02:26.833266 41 storage/rocksdb.go:102                 Options.disable_auto_compactions: 0
I210213 07:02:26.833270 41 storage/rocksdb.go:102                         Options.compaction_style: kCompactionStyleLevel
I210213 07:02:26.833274 41 storage/rocksdb.go:102                           Options.compaction_pri: kMinOverlappingRatio
I210213 07:02:26.833278 41 storage/rocksdb.go:102  Options.compaction_options_universal.size_ratio: 1
I210213 07:02:26.833281 41 storage/rocksdb.go:102  Options.compaction_options_universal.min_merge_width: 2
I210213 07:02:26.833284 41 storage/rocksdb.go:102  Options.compaction_options_universal.max_merge_width: 4294967295
I210213 07:02:26.833287 41 storage/rocksdb.go:102  Options.compaction_options_universal.max_size_amplification_percent: 200
I210213 07:02:26.833291 41 storage/rocksdb.go:102  Options.compaction_options_universal.compression_size_percent: -1
I210213 07:02:26.833294 41 storage/rocksdb.go:102  Options.compaction_options_universal.stop_style: kCompactionStopStyleTotalSize
I210213 07:02:26.833298 41 storage/rocksdb.go:102  Options.compaction_options_fifo.max_table_files_size: 1073741824
I210213 07:02:26.833301 41 storage/rocksdb.go:102  Options.compaction_options_fifo.allow_compaction: 0
I210213 07:02:26.833306 41 storage/rocksdb.go:102                    Options.table_properties_collectors: TimeBoundTblPropCollectorFactory; DeleteRangeTblPropCollectorFactory; 
I210213 07:02:26.833314 41 storage/rocksdb.go:102                    Options.inplace_update_support: 0
I210213 07:02:26.833317 41 storage/rocksdb.go:102                  Options.inplace_update_num_locks: 10000
I210213 07:02:26.833321 41 storage/rocksdb.go:102                Options.memtable_prefix_bloom_size_ratio: 0.000000
I210213 07:02:26.833324 41 storage/rocksdb.go:102                Options.memtable_whole_key_filtering: 0
I210213 07:02:26.833327 41 storage/rocksdb.go:102    Options.memtable_huge_page_size: 0
I210213 07:02:26.833330 41 storage/rocksdb.go:102                            Options.bloom_locality: 0
I210213 07:02:26.833336 41 storage/rocksdb.go:102                     Options.max_successive_merges: 0
I210213 07:02:26.833339 41 storage/rocksdb.go:102                 Options.optimize_filters_for_hits: 1
I210213 07:02:26.833342 41 storage/rocksdb.go:102                 Options.paranoid_file_checks: 0
I210213 07:02:26.833345 41 storage/rocksdb.go:102                 Options.force_consistency_checks: 0
I210213 07:02:26.833349 41 storage/rocksdb.go:102                 Options.report_bg_io_stats: 0
I210213 07:02:26.833352 41 storage/rocksdb.go:102                                Options.ttl: 0
I210213 07:02:26.833355 41 storage/rocksdb.go:102           Options.periodic_compaction_seconds: 0
I210213 07:02:26.834123 41 storage/rocksdb.go:102  [db/version_set.cc:4286] Recovered from manifest file:/Users/ashe/go/src/social/cockroach-data/cockroach-temp272392945/MANIFEST-000001 succeeded,manifest_file_number is 1, next_file_number is 3, last_sequence is 0, log_number is 0,prev_log_number is 0,max_column_family is 0,min_log_number_to_keep is 0
I210213 07:02:26.834131 41 storage/rocksdb.go:102  [db/version_set.cc:4295] Column family [default] (ID 0), log number is 0
I210213 07:02:26.837140 41 storage/rocksdb.go:102  DB pointer 0x110b5000
