I200823 05:52:29.074248 24 util/log/sync_buffer.go:70  [config] file created at: 2020/08/23 05:52:29
I200823 05:52:29.074248 24 util/log/sync_buffer.go:70  [config] running on machine: ashes-iMac
I200823 05:52:29.074248 24 util/log/sync_buffer.go:70  [config] binary: CockroachDB CCL v20.1.4 (x86_64-apple-darwin14, built 2020/07/29 22:51:52, go1.13.9)
I200823 05:52:29.074248 24 util/log/sync_buffer.go:70  [config] arguments: [cockroach start --insecure --host 127.0.0.1]
I200823 05:52:29.074248 24 util/log/sync_buffer.go:70  line format: [IWEF]yymmdd hh:mm:ss.uuuuuu goid file:line msg utf8=✓
I200823 05:52:29.074248 24 storage/rocksdb.go:102  RocksDB version: 6.2.1
I200823 05:52:29.074551 24 storage/rocksdb.go:102  Git sha rocksdb_build_git_sha:@2512e96f3bf87b3c1b5b0183ed2ec421dc35d0d7@
I200823 05:52:29.074555 24 storage/rocksdb.go:102  Compile date Jul 29 2020
I200823 05:52:29.074563 24 storage/rocksdb.go:102  DB SUMMARY
I200823 05:52:29.074639 24 storage/rocksdb.go:102  SST files in /Users/ashe/go/src/social/cockroach-data/cockroach-temp828956771 dir, Total Num: 0, files: 
I200823 05:52:29.074643 24 storage/rocksdb.go:102  Write Ahead Log file in /Users/ashe/go/src/social/cockroach-data/cockroach-temp828956771: 
I200823 05:52:29.074652 24 storage/rocksdb.go:102                          Options.error_if_exists: 0
I200823 05:52:29.074656 24 storage/rocksdb.go:102                        Options.create_if_missing: 1
I200823 05:52:29.074659 24 storage/rocksdb.go:102                          Options.paranoid_checks: 1
I200823 05:52:29.074662 24 storage/rocksdb.go:102                                      Options.env: 0xa8f7848
I200823 05:52:29.074666 24 storage/rocksdb.go:102                                 Options.info_log: 0x1040d0c0
I200823 05:52:29.074669 24 storage/rocksdb.go:102                 Options.max_file_opening_threads: 16
I200823 05:52:29.074672 24 storage/rocksdb.go:102                               Options.statistics: 0x1040e158
I200823 05:52:29.074675 24 storage/rocksdb.go:102                                Options.use_fsync: 0
I200823 05:52:29.074678 24 storage/rocksdb.go:102                        Options.max_log_file_size: 0
I200823 05:52:29.074682 24 storage/rocksdb.go:102                   Options.max_manifest_file_size: 134217728
I200823 05:52:29.074685 24 storage/rocksdb.go:102                    Options.log_file_time_to_roll: 0
I200823 05:52:29.074688 24 storage/rocksdb.go:102                        Options.keep_log_file_num: 1000
I200823 05:52:29.074691 24 storage/rocksdb.go:102                     Options.recycle_log_file_num: 1
I200823 05:52:29.074694 24 storage/rocksdb.go:102                          Options.allow_fallocate: 1
I200823 05:52:29.074697 24 storage/rocksdb.go:102                         Options.allow_mmap_reads: 0
I200823 05:52:29.074701 24 storage/rocksdb.go:102                        Options.allow_mmap_writes: 0
I200823 05:52:29.074704 24 storage/rocksdb.go:102                         Options.use_direct_reads: 0
I200823 05:52:29.074707 24 storage/rocksdb.go:102                         Options.use_direct_io_for_flush_and_compaction: 0
I200823 05:52:29.074710 24 storage/rocksdb.go:102           Options.create_missing_column_families: 0
I200823 05:52:29.074713 24 storage/rocksdb.go:102                               Options.db_log_dir: 
I200823 05:52:29.074716 24 storage/rocksdb.go:102                                  Options.wal_dir: /Users/ashe/go/src/social/cockroach-data/cockroach-temp828956771
I200823 05:52:29.074720 24 storage/rocksdb.go:102                 Options.table_cache_numshardbits: 6
I200823 05:52:29.074723 24 storage/rocksdb.go:102                       Options.max_subcompactions: 1
I200823 05:52:29.074726 24 storage/rocksdb.go:102                   Options.max_background_flushes: -1
I200823 05:52:29.074729 24 storage/rocksdb.go:102                          Options.WAL_ttl_seconds: 0
I200823 05:52:29.074732 24 storage/rocksdb.go:102                        Options.WAL_size_limit_MB: 0
I200823 05:52:29.074735 24 storage/rocksdb.go:102              Options.manifest_preallocation_size: 4194304
I200823 05:52:29.074738 24 storage/rocksdb.go:102                      Options.is_fd_close_on_exec: 1
I200823 05:52:29.074741 24 storage/rocksdb.go:102                    Options.advise_random_on_open: 1
I200823 05:52:29.074744 24 storage/rocksdb.go:102                     Options.db_write_buffer_size: 0
I200823 05:52:29.074748 24 storage/rocksdb.go:102                     Options.write_buffer_manager: 0x1041d060
I200823 05:52:29.074751 24 storage/rocksdb.go:102          Options.access_hint_on_compaction_start: 1
I200823 05:52:29.074754 24 storage/rocksdb.go:102   Options.new_table_reader_for_compaction_inputs: 0
I200823 05:52:29.074762 24 storage/rocksdb.go:102            Options.random_access_max_buffer_size: 1048576
I200823 05:52:29.074765 24 storage/rocksdb.go:102                       Options.use_adaptive_mutex: 0
I200823 05:52:29.074769 24 storage/rocksdb.go:102                             Options.rate_limiter: 0x0
I200823 05:52:29.074772 24 storage/rocksdb.go:102      Options.sst_file_manager.rate_bytes_per_sec: 0
I200823 05:52:29.074776 24 storage/rocksdb.go:102                        Options.wal_recovery_mode: 0
I200823 05:52:29.074779 24 storage/rocksdb.go:102                   Options.enable_thread_tracking: 0
I200823 05:52:29.074782 24 storage/rocksdb.go:102                   Options.enable_pipelined_write: 0
I200823 05:52:29.074785 24 storage/rocksdb.go:102          Options.allow_concurrent_memtable_write: 1
I200823 05:52:29.074788 24 storage/rocksdb.go:102       Options.enable_write_thread_adaptive_yield: 1
I200823 05:52:29.074791 24 storage/rocksdb.go:102              Options.write_thread_max_yield_usec: 100
I200823 05:52:29.074794 24 storage/rocksdb.go:102             Options.write_thread_slow_yield_usec: 3
I200823 05:52:29.074797 24 storage/rocksdb.go:102                                Options.row_cache: None
I200823 05:52:29.074800 24 storage/rocksdb.go:102                               Options.wal_filter: None
I200823 05:52:29.074804 24 storage/rocksdb.go:102              Options.avoid_flush_during_recovery: 0
I200823 05:52:29.074807 24 storage/rocksdb.go:102              Options.allow_ingest_behind: 0
I200823 05:52:29.074810 24 storage/rocksdb.go:102              Options.preserve_deletes: 0
I200823 05:52:29.074814 24 storage/rocksdb.go:102              Options.two_write_queues: 0
I200823 05:52:29.074817 24 storage/rocksdb.go:102              Options.manual_wal_flush: 1
I200823 05:52:29.074820 24 storage/rocksdb.go:102              Options.atomic_flush: 0
I200823 05:52:29.074823 24 storage/rocksdb.go:102              Options.avoid_unnecessary_blocking_io: 0
I200823 05:52:29.074826 24 storage/rocksdb.go:102              Options.max_background_jobs: 4
I200823 05:52:29.074829 24 storage/rocksdb.go:102              Options.max_background_compactions: -1
I200823 05:52:29.074832 24 storage/rocksdb.go:102              Options.avoid_flush_during_shutdown: 0
I200823 05:52:29.074836 24 storage/rocksdb.go:102            Options.writable_file_max_buffer_size: 1048576
I200823 05:52:29.074839 24 storage/rocksdb.go:102              Options.delayed_write_rate : 16777216
I200823 05:52:29.074842 24 storage/rocksdb.go:102              Options.max_total_wal_size: 0
I200823 05:52:29.074845 24 storage/rocksdb.go:102              Options.delete_obsolete_files_period_micros: 21600000000
I200823 05:52:29.074849 24 storage/rocksdb.go:102                    Options.stats_dump_period_sec: 0
I200823 05:52:29.074852 24 storage/rocksdb.go:102                  Options.stats_persist_period_sec: 600
I200823 05:52:29.074855 24 storage/rocksdb.go:102                  Options.stats_history_buffer_size: 1048576
I200823 05:52:29.074858 24 storage/rocksdb.go:102                           Options.max_open_files: 128
I200823 05:52:29.074861 24 storage/rocksdb.go:102                           Options.bytes_per_sync: 524288
I200823 05:52:29.074865 24 storage/rocksdb.go:102                       Options.wal_bytes_per_sync: 0
I200823 05:52:29.074868 24 storage/rocksdb.go:102                    Options.strict_bytes_per_sync: 1
I200823 05:52:29.074871 24 storage/rocksdb.go:102        Options.compaction_readahead_size: 0
I200823 05:52:29.074877 24 storage/rocksdb.go:102  Compression algorithms supported:
I200823 05:52:29.074882 24 storage/rocksdb.go:102  	kZSTD supported: 0
I200823 05:52:29.074886 24 storage/rocksdb.go:102  	kZlibCompression supported: 0
I200823 05:52:29.074889 24 storage/rocksdb.go:102  	kXpressCompression supported: 0
I200823 05:52:29.074892 24 storage/rocksdb.go:102  	kSnappyCompression supported: 1
I200823 05:52:29.074896 24 storage/rocksdb.go:102  	kZSTDNotFinalCompression supported: 0
I200823 05:52:29.074899 24 storage/rocksdb.go:102  	kLZ4HCCompression supported: 0
I200823 05:52:29.074906 24 storage/rocksdb.go:102  	kLZ4Compression supported: 0
I200823 05:52:29.074910 24 storage/rocksdb.go:102  	kBZip2Compression supported: 0
I200823 05:52:29.074917 24 storage/rocksdb.go:102  Fast CRC32 supported: Supported on x86
I200823 05:52:29.075136 24 storage/rocksdb.go:102  [db/db_impl_open.cc:242] Creating manifest 1 
I200823 05:52:29.076284 24 storage/rocksdb.go:102  [db/version_set.cc:4072] Recovering from manifest file: /Users/ashe/go/src/social/cockroach-data/cockroach-temp828956771/MANIFEST-000001
I200823 05:52:29.076361 24 storage/rocksdb.go:102  [db/column_family.cc:488] --------------- Options for column family [default]:
I200823 05:52:29.076366 24 storage/rocksdb.go:102                Options.comparator: cockroach_comparator
I200823 05:52:29.076374 24 storage/rocksdb.go:102            Options.merge_operator: cockroach_merge_operator
I200823 05:52:29.076378 24 storage/rocksdb.go:102         Options.compaction_filter: None
I200823 05:52:29.076381 24 storage/rocksdb.go:102         Options.compaction_filter_factory: None
I200823 05:52:29.076384 24 storage/rocksdb.go:102          Options.memtable_factory: SkipListFactory
I200823 05:52:29.076388 24 storage/rocksdb.go:102             Options.table_factory: BlockBasedTable
I200823 05:52:29.076427 24 storage/rocksdb.go:102             table_factory options:   flush_block_policy_factory: FlushBlockBySizePolicyFactory (0x1043e030)
  cache_index_and_filter_blocks: 0
  cache_index_and_filter_blocks_with_high_priority: 0
  pin_l0_filter_and_index_blocks_in_cache: 0
  pin_top_level_index_and_filter: 1
  index_type: 0
  data_block_index_type: 0
  index_shortening: 1
  data_block_hash_table_util_ratio: 0.750000
  hash_index_allow_collision: 1
  checksum: 1
  no_block_cache: 0
  block_cache: 0x1040e018
  block_cache_name: LRUCache
  block_cache_options:
    capacity : 1048576
    num_shard_bits : 4
    strict_capacity_limit : 0
    memory_allocator : None
    high_pri_pool_ratio: 0.000
  block_cache_compressed: 0x0
  persistent_cache: 0x0
  block_size: 32768
  block_size_deviation: 10
  block_restart_interval: 16
  index_block_restart_interval: 1
  metadata_block_size: 4096
  partition_filters: 0
  use_delta_encoding: 1
  filter_policy: rocksdb.BuiltinBloomFilter
  whole_key_filtering: 0
  verify_compression: 0
  read_amp_bytes_per_bit: 0
  format_version: 2
  enable_index_compression: 1
  block_align: 0
I200823 05:52:29.076433 24 storage/rocksdb.go:102         Options.write_buffer_size: 67108864
I200823 05:52:29.076438 24 storage/rocksdb.go:102   Options.max_write_buffer_number: 4
I200823 05:52:29.076445 24 storage/rocksdb.go:102           Options.compression: Snappy
I200823 05:52:29.076449 24 storage/rocksdb.go:102                   Options.bottommost_compression: Disabled
I200823 05:52:29.076452 24 storage/rocksdb.go:102        Options.prefix_extractor: cockroach_prefix_extractor
I200823 05:52:29.076456 24 storage/rocksdb.go:102    Options.memtable_insert_with_hint_prefix_extractor: nullptr
I200823 05:52:29.076459 24 storage/rocksdb.go:102              Options.num_levels: 7
I200823 05:52:29.076462 24 storage/rocksdb.go:102         Options.min_write_buffer_number_to_merge: 1
I200823 05:52:29.076465 24 storage/rocksdb.go:102      Options.max_write_buffer_number_to_maintain: 0
I200823 05:52:29.076469 24 storage/rocksdb.go:102             Options.bottommost_compression_opts.window_bits: -14
I200823 05:52:29.076472 24 storage/rocksdb.go:102                   Options.bottommost_compression_opts.level: 32767
I200823 05:52:29.076475 24 storage/rocksdb.go:102                Options.bottommost_compression_opts.strategy: 0
I200823 05:52:29.076479 24 storage/rocksdb.go:102          Options.bottommost_compression_opts.max_dict_bytes: 0
I200823 05:52:29.076482 24 storage/rocksdb.go:102          Options.bottommost_compression_opts.zstd_max_train_bytes: 0
I200823 05:52:29.076485 24 storage/rocksdb.go:102                   Options.bottommost_compression_opts.enabled: false
I200823 05:52:29.076489 24 storage/rocksdb.go:102             Options.compression_opts.window_bits: -14
I200823 05:52:29.076496 24 storage/rocksdb.go:102                   Options.compression_opts.level: 32767
I200823 05:52:29.076502 24 storage/rocksdb.go:102                Options.compression_opts.strategy: 0
I200823 05:52:29.076507 24 storage/rocksdb.go:102          Options.compression_opts.max_dict_bytes: 0
I200823 05:52:29.076510 24 storage/rocksdb.go:102          Options.compression_opts.zstd_max_train_bytes: 0
I200823 05:52:29.076513 24 storage/rocksdb.go:102                   Options.compression_opts.enabled: false
I200823 05:52:29.076516 24 storage/rocksdb.go:102       Options.level0_file_num_compaction_trigger: 2
I200823 05:52:29.076519 24 storage/rocksdb.go:102           Options.level0_slowdown_writes_trigger: 950
I200823 05:52:29.076522 24 storage/rocksdb.go:102               Options.level0_stop_writes_trigger: 1000
I200823 05:52:29.076526 24 storage/rocksdb.go:102                    Options.target_file_size_base: 4194304
I200823 05:52:29.076529 24 storage/rocksdb.go:102              Options.target_file_size_multiplier: 2
I200823 05:52:29.076532 24 storage/rocksdb.go:102                 Options.max_bytes_for_level_base: 67108864
I200823 05:52:29.076535 24 storage/rocksdb.go:102  Options.level_compaction_dynamic_level_bytes: 1
I200823 05:52:29.076539 24 storage/rocksdb.go:102           Options.max_bytes_for_level_multiplier: 10.000000
I200823 05:52:29.076542 24 storage/rocksdb.go:102  Options.max_bytes_for_level_multiplier_addtl[0]: 1
I200823 05:52:29.076545 24 storage/rocksdb.go:102  Options.max_bytes_for_level_multiplier_addtl[1]: 1
I200823 05:52:29.076548 24 storage/rocksdb.go:102  Options.max_bytes_for_level_multiplier_addtl[2]: 1
I200823 05:52:29.076551 24 storage/rocksdb.go:102  Options.max_bytes_for_level_multiplier_addtl[3]: 1
I200823 05:52:29.076555 24 storage/rocksdb.go:102  Options.max_bytes_for_level_multiplier_addtl[4]: 1
I200823 05:52:29.076558 24 storage/rocksdb.go:102  Options.max_bytes_for_level_multiplier_addtl[5]: 1
I200823 05:52:29.076561 24 storage/rocksdb.go:102  Options.max_bytes_for_level_multiplier_addtl[6]: 1
I200823 05:52:29.076567 24 storage/rocksdb.go:102        Options.max_sequential_skip_in_iterations: 8
I200823 05:52:29.076571 24 storage/rocksdb.go:102                     Options.max_compaction_bytes: 104857600
I200823 05:52:29.076574 24 storage/rocksdb.go:102                         Options.arena_block_size: 8388608
I200823 05:52:29.076577 24 storage/rocksdb.go:102    Options.soft_pending_compaction_bytes_limit: 2199023255552
I200823 05:52:29.076580 24 storage/rocksdb.go:102    Options.hard_pending_compaction_bytes_limit: 4400193994752
I200823 05:52:29.076583 24 storage/rocksdb.go:102        Options.rate_limit_delay_max_milliseconds: 100
I200823 05:52:29.076587 24 storage/rocksdb.go:102                 Options.disable_auto_compactions: 0
I200823 05:52:29.076591 24 storage/rocksdb.go:102                         Options.compaction_style: kCompactionStyleLevel
I200823 05:52:29.076595 24 storage/rocksdb.go:102                           Options.compaction_pri: kMinOverlappingRatio
I200823 05:52:29.076598 24 storage/rocksdb.go:102  Options.compaction_options_universal.size_ratio: 1
I200823 05:52:29.076601 24 storage/rocksdb.go:102  Options.compaction_options_universal.min_merge_width: 2
I200823 05:52:29.076604 24 storage/rocksdb.go:102  Options.compaction_options_universal.max_merge_width: 4294967295
I200823 05:52:29.076607 24 storage/rocksdb.go:102  Options.compaction_options_universal.max_size_amplification_percent: 200
I200823 05:52:29.076611 24 storage/rocksdb.go:102  Options.compaction_options_universal.compression_size_percent: -1
I200823 05:52:29.076614 24 storage/rocksdb.go:102  Options.compaction_options_universal.stop_style: kCompactionStopStyleTotalSize
I200823 05:52:29.076617 24 storage/rocksdb.go:102  Options.compaction_options_fifo.max_table_files_size: 1073741824
I200823 05:52:29.076621 24 storage/rocksdb.go:102  Options.compaction_options_fifo.allow_compaction: 0
I200823 05:52:29.076625 24 storage/rocksdb.go:102                    Options.table_properties_collectors: TimeBoundTblPropCollectorFactory; DeleteRangeTblPropCollectorFactory; 
I200823 05:52:29.076633 24 storage/rocksdb.go:102                    Options.inplace_update_support: 0
I200823 05:52:29.076637 24 storage/rocksdb.go:102                  Options.inplace_update_num_locks: 10000
I200823 05:52:29.076640 24 storage/rocksdb.go:102                Options.memtable_prefix_bloom_size_ratio: 0.000000
I200823 05:52:29.076644 24 storage/rocksdb.go:102                Options.memtable_whole_key_filtering: 0
I200823 05:52:29.076647 24 storage/rocksdb.go:102    Options.memtable_huge_page_size: 0
I200823 05:52:29.076650 24 storage/rocksdb.go:102                            Options.bloom_locality: 0
I200823 05:52:29.076653 24 storage/rocksdb.go:102                     Options.max_successive_merges: 0
I200823 05:52:29.076656 24 storage/rocksdb.go:102                 Options.optimize_filters_for_hits: 1
I200823 05:52:29.076659 24 storage/rocksdb.go:102                 Options.paranoid_file_checks: 0
I200823 05:52:29.076663 24 storage/rocksdb.go:102                 Options.force_consistency_checks: 0
I200823 05:52:29.076666 24 storage/rocksdb.go:102                 Options.report_bg_io_stats: 0
I200823 05:52:29.076669 24 storage/rocksdb.go:102                                Options.ttl: 0
I200823 05:52:29.076672 24 storage/rocksdb.go:102           Options.periodic_compaction_seconds: 0
I200823 05:52:29.077290 24 storage/rocksdb.go:102  [db/version_set.cc:4286] Recovered from manifest file:/Users/ashe/go/src/social/cockroach-data/cockroach-temp828956771/MANIFEST-000001 succeeded,manifest_file_number is 1, next_file_number is 3, last_sequence is 0, log_number is 0,prev_log_number is 0,max_column_family is 0,min_log_number_to_keep is 0
I200823 05:52:29.077296 24 storage/rocksdb.go:102  [db/version_set.cc:4295] Column family [default] (ID 0), log number is 0
I200823 05:52:29.080142 24 storage/rocksdb.go:102  DB pointer 0x104b5000
