I210128 04:55:08.245048 1 util/log/sync_buffer.go:70  [config] file created at: 2021/01/28 04:55:08
I210128 04:55:08.245048 1 util/log/sync_buffer.go:70  [config] running on machine: ashes-iMac
I210128 04:55:08.245048 1 util/log/sync_buffer.go:70  [config] binary: CockroachDB CCL v20.1.4 (x86_64-apple-darwin14, built 2020/07/29 22:51:52, go1.13.9)
I210128 04:55:08.245048 1 util/log/sync_buffer.go:70  [config] arguments: [cockroach start-single-node --insecure --host 127.0.0.1]
I210128 04:55:08.245048 1 util/log/sync_buffer.go:70  line format: [IWEF]yymmdd hh:mm:ss.uuuuuu goid file:line msg utf8=✓
I210128 04:55:08.245045 1 cli/start.go:1223  logging to directory /Users/ashe/go/src/social/cockroach-data/logs
W210128 04:55:08.245354 1 cli/start.go:1272  RUNNING IN INSECURE MODE!

- Your cluster is open for any client that can access 127.0.0.1.
- Any user, even root, can log in without providing a password.
- Any user, connecting as root, can read or write any data in your cluster.
- There is no network encryption nor authentication, and thus no confidentiality.

Check out how to secure your cluster: https://www.cockroachlabs.com/docs/v20.1/secure-a-cluster.html
W210128 04:55:08.245414 1 cli/start.go:1144  Using the default setting for --cache (128 MiB).
  A significantly larger value is usually needed for good performance.
  If you have a dedicated server a reasonable setting is --cache=.25 (3.0 GiB).
I210128 04:55:08.245461 1 cli/start.go:1286  CockroachDB CCL v20.1.4 (x86_64-apple-darwin14, built 2020/07/29 22:51:52, go1.13.9)
I210128 04:55:08.248143 1 server/config.go:404  system total memory: 12 GiB
I210128 04:55:08.248209 1 server/config.go:406  server configuration:
max offset             500000000
cache size             128 MiB
SQL memory pool size   3.0 GiB
scan interval          10m0s
scan min idle time     10ms
scan max idle time     1s
event log enabled      true
I210128 04:55:08.248269 1 cli/start.go:1129  process identity: uid 501 euid 501 gid 20 egid 20
I210128 04:55:08.248359 1 cli/start.go:697  starting cockroach node
I210128 04:55:08.249090 23 storage/rocksdb.go:606  opening rocksdb instance at "/Users/ashe/go/src/social/cockroach-data/cockroach-temp032085048"
I210128 04:55:08.271971 23 server/server.go:1066  [n?] monitoring forward clock jumps based on server.clock.forward_jump_check_enabled
E210128 04:55:08.278820 1 cli/error.go:373  ERROR: cockroach server exited with error: consider changing the port via --http-addr: listen tcp 127.0.0.1:8080: bind: address already in use
